
> frontend@0.1.0 build
> next build

node:internal/modules/cjs/loader:685
      throw e;
      ^

Error: Cannot find module '/Users/adarshdubey/Desktop/wattpad_clone/frontend/node_modules/next/node_modules/@swc/helpers/cjs/_interop_require_default.cjs'
    at createEsmNotFoundErr (node:internal/modules/cjs/loader:1457:15)
    at finalizeEsmResolution (node:internal/modules/cjs/loader:1446:9)
    at resolveExports (node:internal/modules/cjs/loader:678:14)
    at Module._findPath (node:internal/modules/cjs/loader:745:31)
    at Module.<anonymous> (node:internal/modules/cjs/loader:1405:27)
    at /Users/adarshdubey/Desktop/wattpad_clone/frontend/node_modules/next/dist/server/require-hook.js:57:36
    at defaultResolveImpl (node:internal/modules/cjs/loader:1058:19)
    at resolveForCJSWithHooks (node:internal/modules/cjs/loader:1063:22)
    at Module._load (node:internal/modules/cjs/loader:1226:37)
    at TracingChannel.traceSync (node:diagnostics_channel:328:14) {
  code: 'MODULE_NOT_FOUND',
  path: '/Users/adarshdubey/Desktop/wattpad_clone/frontend/node_modules/next/node_modules/@swc/helpers'
}

Node.js v25.2.1
